Modul Praktikum 11/app/build/intermediates/manifest_merge_blame_file/debug/manifest-merger-blame-debug-report.txt
1<?xml version="1.0" encoding="utf-8"?>
2<manifest xmlns:android="http://schemas.android.com/apk/res/android"
3    package="com.zarkasihakhmad_18102217.praktikum11"
4    android:versionCode="1"
5    android:versionName="1.0" >
6
7    <uses-sdk
8        android:minSdkVersion="21"
8-->src\main\AndroidManifest.xml
9        android:targetSdkVersion="30" />
9-->src\main\AndroidManifest.xml
10
11    <uses-permission android:name="android.permission.INTERNET" />
11-->[com.google.firebase:firebase-auth:20.0.1] AndroidManifest.xml:23:5-67
11-->[com.google.firebase:firebase-auth:20.0.1] AndroidManifest.xml:23:22-64
12    <uses-permission android:name="android.permission.ACCESS_NETWORK_STATE" />
12-->[com.google.firebase:firebase-auth:20.0.1] AndroidManifest.xml:24:5-79
12-->[com.google.firebase:firebase-auth:20.0.1] AndroidManifest.xml:24:22-76
13
14    <application
14-->src\main\AndroidManifest.xml:5:5-22:19
15        android:allowBackup="true"
15-->src\main\AndroidManifest.xml:6:9-35
16        android:appComponentFactory="androidx.core.app.CoreComponentFactory"
16-->[androidx.core:core:1.3.2] AndroidManifest.xml:24:18-86
17        android:debuggable="true"
18        android:icon="@mipmap/ic_launcher"
18-->src\main\AndroidManifest.xml:7:9-43
19        android:label="@string/app_name"
19-->src\main\AndroidManifest.xml:8:9-41
20        android:roundIcon="@mipmap/ic_launcher_round"
20-->src\main\AndroidManifest.xml:9:9-54
21        android:supportsRtl="true"
21-->src\main\AndroidManifest.xml:10:9-35
22        android:testOnly="true"
23        android:theme="@style/AppTheme" >
23-->src\main\AndroidManifest.xml:11:9-40
24        <activity android:name="com.zarkasihakhmad_18102217.praktikum11.MainActivity" >
24-->src\main\AndroidManifest.xml:12:9-18:20
24-->src\main\AndroidManifest.xml:12:19-47
25            <intent-filter>
25-->src\main\AndroidManifest.xml:13:13-17:29
26                <action android:name="android.intent.action.MAIN" />
26-->src\main\AndroidManifest.xml:14:17-69
26-->src\main\AndroidManifest.xml:14:25-66
27
28                <category android:name="android.intent.category.LAUNCHER" />
28-->src\main\AndroidManifest.xml:16:17-77
28-->src\main\AndroidManifest.xml:16:27-74
29            </intent-filter>
30        </activity>
31        <activity android:name="com.zarkasihakhmad_18102217.praktikum11.SignUpActivity" />
31-->src\main\AndroidManifest.xml:19:9-52
31-->src\main\AndroidManifest.xml:19:19-49
32        <activity android:name="com.zarkasihakhmad_18102217.praktikum11.SignInActivity" />
32-->src\main\AndroidManifest.xml:20:9-52
32-->src\main\AndroidManifest.xml:20:19-49
33
34        <service
34-->[com.google.firebase:firebase-auth-ktx:20.0.1] AndroidManifest.xml:8:9-14:19
35            android:name="com.google.firebase.components.ComponentDiscoveryService"
35-->[com.google.firebase:firebase-auth-ktx:20.0.1] AndroidManifest.xml:9:13-84
36            android:directBootAware="true"
36-->[com.google.firebase:firebase-common:19.5.0] AndroidManifest.xml:35:13-43
37            android:exported="false" >
37-->[com.google.firebase:firebase-auth-ktx:20.0.1] AndroidManifest.xml:10:13-37
38            <meta-data
38-->[com.google.firebase:firebase-auth-ktx:20.0.1] AndroidManifest.xml:11:13-13:85
39                android:name="com.google.firebase.components:com.google.firebase.auth.ktx.FirebaseAuthKtxRegistrar"
39-->[com.google.firebase:firebase-auth-ktx:20.0.1] AndroidManifest.xml:12:17-116
40                android:value="com.google.firebase.components.ComponentRegistrar" />
40-->[com.google.firebase:firebase-auth-ktx:20.0.1] AndroidManifest.xml:13:17-82
41            <meta-data
41-->[com.google.firebase:firebase-common-ktx:19.5.0] AndroidManifest.xml:15:13-17:85
42                android:name="com.google.firebase.components:com.google.firebase.ktx.FirebaseCommonKtxRegistrar"
42-->[com.google.firebase:firebase-common-ktx:19.5.0] AndroidManifest.xml:16:17-113
43                android:value="com.google.firebase.components.ComponentRegistrar" />
43-->[com.google.firebase:firebase-common-ktx:19.5.0] AndroidManifest.xml:17:17-82
44            <meta-data
44-->[com.google.firebase:firebase-auth:20.0.1] AndroidManifest.xml:77:13-79:85
45                android:name="com.google.firebase.components:com.google.firebase.auth.FirebaseAuthRegistrar"
45-->[com.google.firebase:firebase-auth:20.0.1] AndroidManifest.xml:78:17-109
46                android:value="com.google.firebase.components.ComponentRegistrar" />
46-->[com.google.firebase:firebase-auth:20.0.1] AndroidManifest.xml:79:17-82
47            <!--
48                This registrar is not defined in the dynamic-module-support sdk itself to allow non-firebase
49                clients to use it as well, by defining this registrar in their own core/common library.
50            -->
51            <meta-data
51-->[com.google.firebase:firebase-common:19.5.0] AndroidManifest.xml:43:13-45:85
52                android:name="com.google.firebase.components:com.google.firebase.dynamicloading.DynamicLoadingRegistrar"
52-->[com.google.firebase:firebase-common:19.5.0] AndroidManifest.xml:44:17-121
53                android:value="com.google.firebase.components.ComponentRegistrar" />
53-->[com.google.firebase:firebase-common:19.5.0] AndroidManifest.xml:45:17-82
54        </service>
55
56        <activity
56-->[com.google.firebase:firebase-auth:20.0.1] AndroidManifest.xml:27:9-44:20
57            android:name="com.google.firebase.auth.internal.GenericIdpActivity"
57-->[com.google.firebase:firebase-auth:20.0.1] AndroidManifest.xml:28:13-80
58            android:excludeFromRecents="true"
58-->[com.google.firebase:firebase-auth:20.0.1] AndroidManifest.xml:29:13-46
59            android:exported="true"
59-->[com.google.firebase:firebase-auth:20.0.1] AndroidManifest.xml:30:13-36
60            android:launchMode="singleTask"
60-->[com.google.firebase:firebase-auth:20.0.1] AndroidManifest.xml:31:13-44
61            android:theme="@android:style/Theme.Translucent.NoTitleBar" >
61-->[com.google.firebase:firebase-auth:20.0.1] AndroidManifest.xml:32:13-72
62            <intent-filter>
62-->[com.google.firebase:firebase-auth:20.0.1] AndroidManifest.xml:33:13-43:29
63                <action android:name="android.intent.action.VIEW" />
63-->[com.google.firebase:firebase-auth:20.0.1] AndroidManifest.xml:34:17-69
63-->[com.google.firebase:firebase-auth:20.0.1] AndroidManifest.xml:34:25-66
64
65                <category android:name="android.intent.category.DEFAULT" />
65-->[com.google.firebase:firebase-auth:20.0.1] AndroidManifest.xml:36:17-76
65-->[com.google.firebase:firebase-auth:20.0.1] AndroidManifest.xml:36:27-73
66                <category android:name="android.intent.category.BROWSABLE" />
66-->[com.google.firebase:firebase-auth:20.0.1] AndroidManifest.xml:37:17-78
66-->[com.google.firebase:firebase-auth:20.0.1] AndroidManifest.xml:37:27-75
67
68                <data
68-->[com.google.firebase:firebase-auth:20.0.1] AndroidManifest.xml:39:17-42:51
69                    android:host="firebase.auth"
69-->[com.google.firebase:firebase-auth:20.0.1] AndroidManifest.xml:40:21-49
70                    android:path="/"
70-->[com.google.firebase:firebase-auth:20.0.1] AndroidManifest.xml:41:21-37
71                    android:scheme="genericidp" />
71-->[com.google.firebase:firebase-auth:20.0.1] AndroidManifest.xml:42:21-48
72            </intent-filter>
73        </activity>
74        <activity
74-->[com.google.firebase:firebase-auth:20.0.1] AndroidManifest.xml:45:9-62:20
75            android:name="com.google.firebase.auth.internal.RecaptchaActivity"
75-->[com.google.firebase:firebase-auth:20.0.1] AndroidManifest.xml:46:13-79
76            android:excludeFromRecents="true"
76-->[com.google.firebase:firebase-auth:20.0.1] AndroidManifest.xml:47:13-46
77            android:exported="true"
77-->[com.google.firebase:firebase-auth:20.0.1] AndroidManifest.xml:48:13-36
78            android:launchMode="singleTask"
78-->[com.google.firebase:firebase-auth:20.0.1] AndroidManifest.xml:49:13-44
79            android:theme="@android:style/Theme.Translucent.NoTitleBar" >
79-->[com.google.firebase:firebase-auth:20.0.1] AndroidManifest.xml:50:13-72
80            <intent-filter>
80-->[com.google.firebase:firebase-auth:20.0.1] AndroidManifest.xml:51:13-61:29
81                <action android:name="android.intent.action.VIEW" />
81-->[com.google.firebase:firebase-auth:20.0.1] AndroidManifest.xml:34:17-69
81-->[com.google.firebase:firebase-auth:20.0.1] AndroidManifest.xml:34:25-66
82
83                <category android:name="android.intent.category.DEFAULT" />
83-->[com.google.firebase:firebase-auth:20.0.1] AndroidManifest.xml:36:17-76
83-->[com.google.firebase:firebase-auth:20.0.1] AndroidManifest.xml:36:27-73
84                <category android:name="android.intent.category.BROWSABLE" />
84-->[com.google.firebase:firebase-auth:20.0.1] AndroidManifest.xml:37:17-78
84-->[com.google.firebase:firebase-auth:20.0.1] AndroidManifest.xml:37:27-75
85
86                <data
86-->[com.google.firebase:firebase-auth:20.0.1] AndroidManifest.xml:39:17-42:51
87                    android:host="firebase.auth"
87-->[com.google.firebase:firebase-auth:20.0.1] AndroidManifest.xml:40:21-49
88                    android:path="/"
88-->[com.google.firebase:firebase-auth:20.0.1] AndroidManifest.xml:41:21-37
89                    android:scheme="recaptcha" />
89-->[com.google.firebase:firebase-auth:20.0.1] AndroidManifest.xml:42:21-48
90            </intent-filter>
91        </activity>
92
93        <service
93-->[com.google.firebase:firebase-auth:20.0.1] AndroidManifest.xml:64:9-73:19
94            android:name="com.google.firebase.auth.api.fallback.service.FirebaseAuthFallbackService"
94-->[com.google.firebase:firebase-auth:20.0.1] AndroidManifest.xml:65:13-101
95            android:enabled="true"
95-->[com.google.firebase:firebase-auth:20.0.1] AndroidManifest.xml:66:13-35
96            android:exported="false" >
96-->[com.google.firebase:firebase-auth:20.0.1] AndroidManifest.xml:67:13-37
97            <intent-filter>
97-->[com.google.firebase:firebase-auth:20.0.1] AndroidManifest.xml:68:13-72:29
98                <action android:name="com.google.firebase.auth.api.gms.service.START" />
98-->[com.google.firebase:firebase-auth:20.0.1] AndroidManifest.xml:69:17-89
98-->[com.google.firebase:firebase-auth:20.0.1] AndroidManifest.xml:69:25-86
99
100                <category android:name="android.intent.category.DEFAULT" />
100-->[com.google.firebase:firebase-auth:20.0.1] AndroidManifest.xml:36:17-76
100-->[com.google.firebase:firebase-auth:20.0.1] AndroidManifest.xml:36:27-73
101            </intent-filter>
102        </service>
103
104        <activity
104-->[com.google.android.gms:play-services-auth:19.0.0] AndroidManifest.xml:23:9-27:75
105            android:name="com.google.android.gms.auth.api.signin.internal.SignInHubActivity"
105-->[com.google.android.gms:play-services-auth:19.0.0] AndroidManifest.xml:24:13-93
106            android:excludeFromRecents="true"
106-->[com.google.android.gms:play-services-auth:19.0.0] AndroidManifest.xml:25:13-46
107            android:exported="false"
107-->[com.google.android.gms:play-services-auth:19.0.0] AndroidManifest.xml:26:13-37
108            android:theme="@android:style/Theme.Translucent.NoTitleBar" />
108-->[com.google.android.gms:play-services-auth:19.0.0] AndroidManifest.xml:27:13-72
109        <!--
110            Service handling Google Sign-In user revocation. For apps that do not integrate with
111            Google Sign-In, this service will never be started.
112        -->
113        <service
113-->[com.google.android.gms:play-services-auth:19.0.0] AndroidManifest.xml:33:9-37:51
114            android:name="com.google.android.gms.auth.api.signin.RevocationBoundService"
114-->[com.google.android.gms:play-services-auth:19.0.0] AndroidManifest.xml:34:13-89
115            android:exported="true"
115-->[com.google.android.gms:play-services-auth:19.0.0] AndroidManifest.xml:35:13-36
116            android:permission="com.google.android.gms.auth.api.signin.permission.REVOCATION_NOTIFICATION"
116-->[com.google.android.gms:play-services-auth:19.0.0] AndroidManifest.xml:36:13-107
117            android:visibleToInstantApps="true" />
117-->[com.google.android.gms:play-services-auth:19.0.0] AndroidManifest.xml:37:13-48
118
119        <provider
119-->[com.google.firebase:firebase-common:19.5.0] AndroidManifest.xml:26:9-31:39
120            android:name="com.google.firebase.provider.FirebaseInitProvider"
120-->[com.google.firebase:firebase-common:19.5.0] AndroidManifest.xml:27:13-77
121            android:authorities="com.zarkasihakhmad_18102217.praktikum11.firebaseinitprovider"
121-->[com.google.firebase:firebase-common:19.5.0] AndroidManifest.xml:28:13-72
122            android:directBootAware="true"
122-->[com.google.firebase:firebase-common:19.5.0] AndroidManifest.xml:29:13-43
123            android:exported="false"
123-->[com.google.firebase:firebase-common:19.5.0] AndroidManifest.xml:30:13-37
124            android:initOrder="100" />
124-->[com.google.firebase:firebase-common:19.5.0] AndroidManifest.xml:31:13-36
125
126        <activity
126-->[com.google.android.gms:play-services-base:17.1.0] AndroidManifest.xml:23:9-26:75
127            android:name="com.google.android.gms.common.api.GoogleApiActivity"
127-->[com.google.android.gms:play-services-base:17.1.0] AndroidManifest.xml:24:13-79
128            android:exported="false"
128-->[com.google.android.gms:play-services-base:17.1.0] AndroidManifest.xml:25:13-37
129            android:theme="@android:style/Theme.Translucent.NoTitleBar" />
129-->[com.google.android.gms:play-services-base:17.1.0] AndroidManifest.xml:26:13-72
130
131        <meta-data
131-->[com.google.android.gms:play-services-basement:17.1.1] AndroidManifest.xml:23:9-25:69
132            android:name="com.google.android.gms.version"
132-->[com.google.android.gms:play-services-basement:17.1.1] AndroidManifest.xml:24:13-58
133            android:value="@integer/google_play_services_version" />
133-->[com.google.android.gms:play-services-basement:17.1.1] AndroidManifest.xml:25:13-66
134    </application>
135
136</manifest>